Analyzing  c#
.data description 2
..act_rank 0.412520529561 0.140701556606 0.446048536914
..exp_rank 0.466339794804 0.3973030395 0.251194574365
..par_rank 0.523766730394 0.521066004845 0.312905513972
.data description 3
..act_pear 0.262665335093 nan 0.857160691355
..exp_pear 0.281432539129 nan 0.849321916739
..par_pear 0.0544652523233 0.173118362187 0.891991029982
Analyzing  asp.net-mvc
.data description 2
..act_rank 0.542704589366 0.418089374009 0.447687432738
..exp_rank 0.527693418849 0.707621979662 0.230187152768
..par_rank 0.634808070033 0.647165181454 0.322779658199
.data description 3
..act_pear 0.189371925337 nan 0.926602267327
..exp_pear 0.155920824873 nan 0.927702957702
..par_pear -0.0162357262481 -0.201280425704 0.950199206818
Analyzing  windows
.data description 2
..act_rank 0.618467959826 0.999968767568 0.456357304074
..exp_rank 0.555486301163 0.704791055032 0.215435078528
..par_rank 0.557745541842 0.64380952381 0.347022709097
.data description 3
..act_pear 0.181970517233 nan 0.930601448915
..exp_pear 0.159969157471 nan 0.92911921038
..par_pear 0.0995280238136 0.673423883922 0.943840176543
Analyzing  oop
.data description 2
..act_rank 0.595482261911 0.99995184668 0.44909324257
..exp_rank 0.548495469793 0.731641546685 0.242664729378
..par_rank 0.568301196892 0.664096769906 0.342951422034
.data description 3
..act_pear 0.190147737523 nan 0.88502970025
..exp_pear 0.157127763126 nan 0.896337584715
..par_pear 0.00988721709309 -0.0259836529828 0.923639269925
Analyzing  regex
.data description 2
..act_rank 0.48138794535 0.239972807614 0.469215364231
..exp_rank 0.47699754847 0.611550584018 0.223436299898
..par_rank 0.561381698044 0.647040785035 0.323577655146
.data description 3
..act_pear 0.174509397261 nan 0.889538839879
..exp_pear 0.223365086886 nan 0.880485822685
..par_pear 0.0669724979768 0.367625032331 0.918110101846
Analyzing  assembly
.data description 2
..act_rank 0.454288544106 0.121446528718 0.47252215132
..exp_rank 0.55282183712 0.534519435312 0.231599103861
..par_rank 0.556574018461 0.422949002217 0.275412331198
.data description 3
..act_pear 0.0716355864988 nan 0.936680397996
..exp_pear 0.121724192483 nan 0.932023744983
..par_pear 0.0778355072665 0.464482759621 0.932844148464
